..\Dll\DSR.pdb
C:\PROGRAM FILES (X86)\NETSIM PRO\BIN\LIBDSR.DLL
C:\PROGRAM FILES (X86)\NETSIM PRO\BIN\LIBDSR.ILK
C:\Users\Upal\Desktop\Sink_Hole_9.1.15\Dll\DSR.exp
C:\Users\Upal\Desktop\Sink_Hole_9.1.15\Dll\DSR.lib
C:\USERS\UPAL\DESKTOP\SINK_HOLE_9.1.15\DLL\DSR.PDB
C:\USERS\UPAL\DESKTOP\SINK_HOLE_9.1.15\DSR\DEBUG\CHECKROUTEFOUND.OBJ
C:\Users\Upal\Desktop\Sink_Hole_9.1.15\DSR\Debug\cl.command.1.tlog
C:\Users\Upal\Desktop\Sink_Hole_9.1.15\DSR\Debug\CL.read.1.tlog
C:\Users\Upal\Desktop\Sink_Hole_9.1.15\DSR\Debug\CL.write.1.tlog
C:\USERS\UPAL\DESKTOP\SINK_HOLE_9.1.15\DSR\DEBUG\DSR.DLL.EMBED.MANIFEST
C:\USERS\UPAL\DESKTOP\SINK_HOLE_9.1.15\DSR\DEBUG\DSR.DLL.EMBED.MANIFEST.RES
C:\USERS\UPAL\DESKTOP\SINK_HOLE_9.1.15\DSR\DEBUG\DSR.DLL.INTERMEDIATE.MANIFEST
C:\USERS\UPAL\DESKTOP\SINK_HOLE_9.1.15\DSR\DEBUG\DSR.OBJ
C:\Users\Upal\Desktop\Sink_Hole_9.1.15\DSR\Debug\DSR.write.1.tlog
C:\Users\Upal\Desktop\Sink_Hole_9.1.15\DSR\Debug\DSR_manifest.rc
C:\Users\Upal\Desktop\Sink_Hole_9.1.15\DSR\Debug\link.4364.read.1.tlog
C:\Users\Upal\Desktop\Sink_Hole_9.1.15\DSR\Debug\link.4364.write.1.tlog
C:\Users\Upal\Desktop\Sink_Hole_9.1.15\DSR\Debug\link.4364-cvtres.read.1.tlog
C:\Users\Upal\Desktop\Sink_Hole_9.1.15\DSR\Debug\link.4364-cvtres.write.1.tlog
C:\Users\Upal\Desktop\Sink_Hole_9.1.15\DSR\Debug\link.6040.read.1.tlog
C:\Users\Upal\Desktop\Sink_Hole_9.1.15\DSR\Debug\link.6040.write.1.tlog
C:\Users\Upal\Desktop\Sink_Hole_9.1.15\DSR\Debug\link.6040-cvtres.read.1.tlog
C:\Users\Upal\Desktop\Sink_Hole_9.1.15\DSR\Debug\link.6040-cvtres.write.1.tlog
C:\Users\Upal\Desktop\Sink_Hole_9.1.15\DSR\Debug\link.command.1.tlog
C:\Users\Upal\Desktop\Sink_Hole_9.1.15\DSR\Debug\link.read.1.tlog
C:\Users\Upal\Desktop\Sink_Hole_9.1.15\DSR\Debug\link.write.1.tlog
C:\USERS\UPAL\DESKTOP\SINK_HOLE_9.1.15\DSR\DEBUG\MAINTBUFFER.OBJ
C:\USERS\UPAL\DESKTOP\SINK_HOLE_9.1.15\DSR\DEBUG\MALICIOUS.OBJ
C:\Users\Upal\Desktop\Sink_Hole_9.1.15\DSR\Debug\mt.command.1.tlog
C:\Users\Upal\Desktop\Sink_Hole_9.1.15\DSR\Debug\mt.read.1.tlog
C:\Users\Upal\Desktop\Sink_Hole_9.1.15\DSR\Debug\mt.write.1.tlog
C:\USERS\UPAL\DESKTOP\SINK_HOLE_9.1.15\DSR\DEBUG\NETWORK_LAYER_ACK.OBJ
C:\USERS\UPAL\DESKTOP\SINK_HOLE_9.1.15\DSR\DEBUG\PACKETPROCESSING.OBJ
C:\Users\Upal\Desktop\Sink_Hole_9.1.15\DSR\Debug\rc.command.1.tlog
C:\Users\Upal\Desktop\Sink_Hole_9.1.15\DSR\Debug\rc.read.1.tlog
C:\Users\Upal\Desktop\Sink_Hole_9.1.15\DSR\Debug\rc.write.1.tlog
C:\USERS\UPAL\DESKTOP\SINK_HOLE_9.1.15\DSR\DEBUG\ROUTECACHE.OBJ
C:\USERS\UPAL\DESKTOP\SINK_HOLE_9.1.15\DSR\DEBUG\ROUTEERROR.OBJ
C:\USERS\UPAL\DESKTOP\SINK_HOLE_9.1.15\DSR\DEBUG\ROUTEREPLY.OBJ
C:\USERS\UPAL\DESKTOP\SINK_HOLE_9.1.15\DSR\DEBUG\ROUTEREQUEST.OBJ
C:\USERS\UPAL\DESKTOP\SINK_HOLE_9.1.15\DSR\DEBUG\SENDBUFFER.OBJ
C:\USERS\UPAL\DESKTOP\SINK_HOLE_9.1.15\DSR\DEBUG\SOURCEROUTE.OBJ
C:\Users\Upal\Desktop\Sink_Hole_9.1.15\DSR\Debug\vc100.idb
C:\USERS\UPAL\DESKTOP\SINK_HOLE_9.1.15\DSR\DEBUG\VC100.PDB
